Analysis & Elaboration report for ARMV4
Mon Apr 22 21:54:23 2019
Quartus Prime Version 18.1.0 Build 625 09/12/2018 SJ Lite Edition


---------------------
; Table of Contents ;
---------------------
  1. Legal Notice
  2. Analysis & Elaboration Summary
  3. Parallel Compilation
  4. Parameter Settings for User Entity Instance: PROCESSOR:dut|ARM:ARMV7_unit|data_path:datapath_unit|muxARM:muxPC
  5. Parameter Settings for User Entity Instance: PROCESSOR:dut|ARM:ARMV7_unit|data_path:datapath_unit|adderARM:adderPCPLUS4
  6. Parameter Settings for User Entity Instance: PROCESSOR:dut|ARM:ARMV7_unit|data_path:datapath_unit|adderARM:adderPCPLUS8
  7. Parameter Settings for User Entity Instance: PROCESSOR:dut|ARM:ARMV7_unit|data_path:datapath_unit|muxARM:muxRA1
  8. Parameter Settings for User Entity Instance: PROCESSOR:dut|ARM:ARMV7_unit|data_path:datapath_unit|muxARM:muxRA2
  9. Parameter Settings for User Entity Instance: PROCESSOR:dut|ARM:ARMV7_unit|data_path:datapath_unit|muxARM:muxRam
 10. Parameter Settings for User Entity Instance: PROCESSOR:dut|ARM:ARMV7_unit|data_path:datapath_unit|muxARM:muxALU
 11. Parameter Settings for User Entity Instance: PROCESSOR:dut|ARM:ARMV7_unit|data_path:datapath_unit|ALU_N_bits:ALU
 12. Parameter Settings for User Entity Instance: PROCESSOR:dut|ARM:ARMV7_unit|data_path:datapath_unit|ALU_N_bits:ALU|mux_Sumador:mux_S
 13. Parameter Settings for User Entity Instance: PROCESSOR:dut|ARM:ARMV7_unit|data_path:datapath_unit|ALU_N_bits:ALU|sumador:suma_F
 14. Parameter Settings for User Entity Instance: PROCESSOR:dut|ARM:ARMV7_unit|data_path:datapath_unit|ALU_N_bits:ALU|and_A:and_F
 15. Parameter Settings for User Entity Instance: PROCESSOR:dut|ARM:ARMV7_unit|data_path:datapath_unit|ALU_N_bits:ALU|or_A:or_F
 16. Parameter Settings for User Entity Instance: PROCESSOR:dut|ARM:ARMV7_unit|data_path:datapath_unit|ALU_N_bits:ALU|xor_A:xor_F
 17. Parameter Settings for User Entity Instance: PROCESSOR:dut|ARM:ARMV7_unit|data_path:datapath_unit|ALU_N_bits:ALU|not_A:not_F
 18. Parameter Settings for User Entity Instance: PROCESSOR:dut|ARM:ARMV7_unit|data_path:datapath_unit|ALU_N_bits:ALU|left_shift_arithmetic:lsa
 19. Parameter Settings for User Entity Instance: PROCESSOR:dut|ARM:ARMV7_unit|data_path:datapath_unit|ALU_N_bits:ALU|right_shift_arithmetic:rsa
 20. Parameter Settings for User Entity Instance: PROCESSOR:dut|ARM:ARMV7_unit|data_path:datapath_unit|ALU_N_bits:ALU|left_shift_logic:lsl
 21. Parameter Settings for User Entity Instance: PROCESSOR:dut|ARM:ARMV7_unit|data_path:datapath_unit|ALU_N_bits:ALU|right_shift_logic:rsl
 22. Parameter Settings for User Entity Instance: PROCESSOR:dut|ARM:ARMV7_unit|data_path:datapath_unit|ALU_N_bits:ALU|div_A:div_F
 23. Parameter Settings for User Entity Instance: PROCESSOR:dut|ARM:ARMV7_unit|data_path:datapath_unit|ALU_N_bits:ALU|sin_A:sin_F
 24. Parameter Settings for User Entity Instance: PROCESSOR:dut|ARM:ARMV7_unit|data_path:datapath_unit|ALU_N_bits:ALU|mux_ALU:mux_F
 25. Parameter Settings for User Entity Instance: PROCESSOR:dut|ARM:ARMV7_unit|data_path:datapath_unit|ALU_N_bits:ALU|flags:flags_F
 26. Analysis & Elaboration Settings
 27. Port Connectivity Checks: "PROCESSOR:dut|ARM:ARMV7_unit|data_path:datapath_unit|muxARM:muxRA1"
 28. Port Connectivity Checks: "PROCESSOR:dut|ARM:ARMV7_unit|data_path:datapath_unit|adderARM:adderPCPLUS8"
 29. Port Connectivity Checks: "PROCESSOR:dut|ARM:ARMV7_unit|data_path:datapath_unit|adderARM:adderPCPLUS4"
 30. Port Connectivity Checks: "PROCESSOR:dut|ARM:ARMV7_unit|control_unit:control_unit_unit|conditional_logic:conditional_logic_unit|REG_EN:reg_2"
 31. Port Connectivity Checks: "PROCESSOR:dut|ARM:ARMV7_unit|control_unit:control_unit_unit|conditional_logic:conditional_logic_unit|REG_EN:reg_1"
 32. Port Connectivity Checks: "PROCESSOR:dut"
 33. Analysis & Elaboration Messages
 34. Analysis & Elaboration Suppressed Messages



----------------
; Legal Notice ;
----------------
Copyright (C) 2018  Intel Corporation. All rights reserved.
Your use of Intel Corporation's design tools, logic functions 
and other software and tools, and its AMPP partner logic 
functions, and any output files from any of the foregoing 
(including device programming or simulation files), and any 
associated documentation or information are expressly subject 
to the terms and conditions of the Intel Program License 
Subscription Agreement, the Intel Quartus Prime License Agreement,
the Intel FPGA IP License Agreement, or other applicable license
agreement, including, without limitation, that your use is for
the sole purpose of programming logic devices manufactured by
Intel and sold by Intel or its authorized distributors.  Please
refer to the applicable agreement for further details.



+----------------------------------------------------------------------------------+
; Analysis & Elaboration Summary                                                   ;
+------------------------------------+---------------------------------------------+
; Analysis & Elaboration Status      ; Successful - Mon Apr 22 21:54:23 2019       ;
; Quartus Prime Version              ; 18.1.0 Build 625 09/12/2018 SJ Lite Edition ;
; Revision Name                      ; ARMV4                                       ;
; Top-level Entity Name              ; tb_PROCESSOR                                ;
; Family                             ; Cyclone IV GX                               ;
; Total logic elements               ; N/A until Partition Merge                   ;
;     Total combinational functions  ; N/A until Partition Merge                   ;
;     Dedicated logic registers      ; N/A until Partition Merge                   ;
; Total registers                    ; N/A until Partition Merge                   ;
; Total pins                         ; N/A until Partition Merge                   ;
; Total virtual pins                 ; N/A until Partition Merge                   ;
; Total memory bits                  ; N/A until Partition Merge                   ;
; Embedded Multiplier 9-bit elements ; N/A until Partition Merge                   ;
; Total GXB Receiver Channel PCS     ; N/A until Partition Merge                   ;
; Total GXB Receiver Channel PMA     ; N/A until Partition Merge                   ;
; Total GXB Transmitter Channel PCS  ; N/A until Partition Merge                   ;
; Total GXB Transmitter Channel PMA  ; N/A until Partition Merge                   ;
; Total PLLs                         ; N/A until Partition Merge                   ;
+------------------------------------+---------------------------------------------+


+------------------------------------------+
; Parallel Compilation                     ;
+----------------------------+-------------+
; Processors                 ; Number      ;
+----------------------------+-------------+
; Number detected on machine ; 8           ;
; Maximum allowed            ; 8           ;
;                            ;             ;
; Average used               ; 1.00        ;
; Maximum used               ; 1           ;
;                            ;             ;
; Usage by Processor         ; % Time Used ;
;     Processor 1            ; 100.0%      ;
+----------------------------+-------------+


+----------------------------------------------------------------------------------------------------------------+
; Parameter Settings for User Entity Instance: PROCESSOR:dut|ARM:ARMV7_unit|data_path:datapath_unit|muxARM:muxPC ;
+----------------+-------+---------------------------------------------------------------------------------------+
; Parameter Name ; Value ; Type                                                                                  ;
+----------------+-------+---------------------------------------------------------------------------------------+
; N              ; 32    ; Signed Integer                                                                        ;
+----------------+-------+---------------------------------------------------------------------------------------+
Note: In order to hide this table in the UI and the text report file, please set the "Show Parameter Settings in Synthesis Report" option in "Analysis and Synthesis Settings -> More Settings" to "Off".


+-------------------------------------------------------------------------------------------------------------------------+
; Parameter Settings for User Entity Instance: PROCESSOR:dut|ARM:ARMV7_unit|data_path:datapath_unit|adderARM:adderPCPLUS4 ;
+----------------+-------+------------------------------------------------------------------------------------------------+
; Parameter Name ; Value ; Type                                                                                           ;
+----------------+-------+------------------------------------------------------------------------------------------------+
; N              ; 32    ; Signed Integer                                                                                 ;
+----------------+-------+------------------------------------------------------------------------------------------------+
Note: In order to hide this table in the UI and the text report file, please set the "Show Parameter Settings in Synthesis Report" option in "Analysis and Synthesis Settings -> More Settings" to "Off".


+-------------------------------------------------------------------------------------------------------------------------+
; Parameter Settings for User Entity Instance: PROCESSOR:dut|ARM:ARMV7_unit|data_path:datapath_unit|adderARM:adderPCPLUS8 ;
+----------------+-------+------------------------------------------------------------------------------------------------+
; Parameter Name ; Value ; Type                                                                                           ;
+----------------+-------+------------------------------------------------------------------------------------------------+
; N              ; 32    ; Signed Integer                                                                                 ;
+----------------+-------+------------------------------------------------------------------------------------------------+
Note: In order to hide this table in the UI and the text report file, please set the "Show Parameter Settings in Synthesis Report" option in "Analysis and Synthesis Settings -> More Settings" to "Off".


+-----------------------------------------------------------------------------------------------------------------+
; Parameter Settings for User Entity Instance: PROCESSOR:dut|ARM:ARMV7_unit|data_path:datapath_unit|muxARM:muxRA1 ;
+----------------+-------+----------------------------------------------------------------------------------------+
; Parameter Name ; Value ; Type                                                                                   ;
+----------------+-------+----------------------------------------------------------------------------------------+
; N              ; 4     ; Signed Integer                                                                         ;
+----------------+-------+----------------------------------------------------------------------------------------+
Note: In order to hide this table in the UI and the text report file, please set the "Show Parameter Settings in Synthesis Report" option in "Analysis and Synthesis Settings -> More Settings" to "Off".


+-----------------------------------------------------------------------------------------------------------------+
; Parameter Settings for User Entity Instance: PROCESSOR:dut|ARM:ARMV7_unit|data_path:datapath_unit|muxARM:muxRA2 ;
+----------------+-------+----------------------------------------------------------------------------------------+
; Parameter Name ; Value ; Type                                                                                   ;
+----------------+-------+----------------------------------------------------------------------------------------+
; N              ; 4     ; Signed Integer                                                                         ;
+----------------+-------+----------------------------------------------------------------------------------------+
Note: In order to hide this table in the UI and the text report file, please set the "Show Parameter Settings in Synthesis Report" option in "Analysis and Synthesis Settings -> More Settings" to "Off".


+-----------------------------------------------------------------------------------------------------------------+
; Parameter Settings for User Entity Instance: PROCESSOR:dut|ARM:ARMV7_unit|data_path:datapath_unit|muxARM:muxRam ;
+----------------+-------+----------------------------------------------------------------------------------------+
; Parameter Name ; Value ; Type                                                                                   ;
+----------------+-------+----------------------------------------------------------------------------------------+
; N              ; 32    ; Signed Integer                                                                         ;
+----------------+-------+----------------------------------------------------------------------------------------+
Note: In order to hide this table in the UI and the text report file, please set the "Show Parameter Settings in Synthesis Report" option in "Analysis and Synthesis Settings -> More Settings" to "Off".


+-----------------------------------------------------------------------------------------------------------------+
; Parameter Settings for User Entity Instance: PROCESSOR:dut|ARM:ARMV7_unit|data_path:datapath_unit|muxARM:muxALU ;
+----------------+-------+----------------------------------------------------------------------------------------+
; Parameter Name ; Value ; Type                                                                                   ;
+----------------+-------+----------------------------------------------------------------------------------------+
; N              ; 32    ; Signed Integer                                                                         ;
+----------------+-------+----------------------------------------------------------------------------------------+
Note: In order to hide this table in the UI and the text report file, please set the "Show Parameter Settings in Synthesis Report" option in "Analysis and Synthesis Settings -> More Settings" to "Off".


+------------------------------------------------------------------------------------------------------------------+
; Parameter Settings for User Entity Instance: PROCESSOR:dut|ARM:ARMV7_unit|data_path:datapath_unit|ALU_N_bits:ALU ;
+----------------+-------+-----------------------------------------------------------------------------------------+
; Parameter Name ; Value ; Type                                                                                    ;
+----------------+-------+-----------------------------------------------------------------------------------------+
; N              ; 32    ; Signed Integer                                                                          ;
+----------------+-------+-----------------------------------------------------------------------------------------+
Note: In order to hide this table in the UI and the text report file, please set the "Show Parameter Settings in Synthesis Report" option in "Analysis and Synthesis Settings -> More Settings" to "Off".


+------------------------------------------------------------------------------------------------------------------------------------+
; Parameter Settings for User Entity Instance: PROCESSOR:dut|ARM:ARMV7_unit|data_path:datapath_unit|ALU_N_bits:ALU|mux_Sumador:mux_S ;
+----------------+-------+-----------------------------------------------------------------------------------------------------------+
; Parameter Name ; Value ; Type                                                                                                      ;
+----------------+-------+-----------------------------------------------------------------------------------------------------------+
; N              ; 32    ; Signed Integer                                                                                            ;
+----------------+-------+-----------------------------------------------------------------------------------------------------------+
Note: In order to hide this table in the UI and the text report file, please set the "Show Parameter Settings in Synthesis Report" option in "Analysis and Synthesis Settings -> More Settings" to "Off".


+---------------------------------------------------------------------------------------------------------------------------------+
; Parameter Settings for User Entity Instance: PROCESSOR:dut|ARM:ARMV7_unit|data_path:datapath_unit|ALU_N_bits:ALU|sumador:suma_F ;
+----------------+-------+--------------------------------------------------------------------------------------------------------+
; Parameter Name ; Value ; Type                                                                                                   ;
+----------------+-------+--------------------------------------------------------------------------------------------------------+
; N              ; 32    ; Signed Integer                                                                                         ;
+----------------+-------+--------------------------------------------------------------------------------------------------------+
Note: In order to hide this table in the UI and the text report file, please set the "Show Parameter Settings in Synthesis Report" option in "Analysis and Synthesis Settings -> More Settings" to "Off".


+------------------------------------------------------------------------------------------------------------------------------+
; Parameter Settings for User Entity Instance: PROCESSOR:dut|ARM:ARMV7_unit|data_path:datapath_unit|ALU_N_bits:ALU|and_A:and_F ;
+----------------+-------+-----------------------------------------------------------------------------------------------------+
; Parameter Name ; Value ; Type                                                                                                ;
+----------------+-------+-----------------------------------------------------------------------------------------------------+
; N              ; 32    ; Signed Integer                                                                                      ;
+----------------+-------+-----------------------------------------------------------------------------------------------------+
Note: In order to hide this table in the UI and the text report file, please set the "Show Parameter Settings in Synthesis Report" option in "Analysis and Synthesis Settings -> More Settings" to "Off".


+----------------------------------------------------------------------------------------------------------------------------+
; Parameter Settings for User Entity Instance: PROCESSOR:dut|ARM:ARMV7_unit|data_path:datapath_unit|ALU_N_bits:ALU|or_A:or_F ;
+----------------+-------+---------------------------------------------------------------------------------------------------+
; Parameter Name ; Value ; Type                                                                                              ;
+----------------+-------+---------------------------------------------------------------------------------------------------+
; N              ; 32    ; Signed Integer                                                                                    ;
+----------------+-------+---------------------------------------------------------------------------------------------------+
Note: In order to hide this table in the UI and the text report file, please set the "Show Parameter Settings in Synthesis Report" option in "Analysis and Synthesis Settings -> More Settings" to "Off".


+------------------------------------------------------------------------------------------------------------------------------+
; Parameter Settings for User Entity Instance: PROCESSOR:dut|ARM:ARMV7_unit|data_path:datapath_unit|ALU_N_bits:ALU|xor_A:xor_F ;
+----------------+-------+-----------------------------------------------------------------------------------------------------+
; Parameter Name ; Value ; Type                                                                                                ;
+----------------+-------+-----------------------------------------------------------------------------------------------------+
; N              ; 32    ; Signed Integer                                                                                      ;
+----------------+-------+-----------------------------------------------------------------------------------------------------+
Note: In order to hide this table in the UI and the text report file, please set the "Show Parameter Settings in Synthesis Report" option in "Analysis and Synthesis Settings -> More Settings" to "Off".


+------------------------------------------------------------------------------------------------------------------------------+
; Parameter Settings for User Entity Instance: PROCESSOR:dut|ARM:ARMV7_unit|data_path:datapath_unit|ALU_N_bits:ALU|not_A:not_F ;
+----------------+-------+-----------------------------------------------------------------------------------------------------+
; Parameter Name ; Value ; Type                                                                                                ;
+----------------+-------+-----------------------------------------------------------------------------------------------------+
; N              ; 32    ; Signed Integer                                                                                      ;
+----------------+-------+-----------------------------------------------------------------------------------------------------+
Note: In order to hide this table in the UI and the text report file, please set the "Show Parameter Settings in Synthesis Report" option in "Analysis and Synthesis Settings -> More Settings" to "Off".


+--------------------------------------------------------------------------------------------------------------------------------------------+
; Parameter Settings for User Entity Instance: PROCESSOR:dut|ARM:ARMV7_unit|data_path:datapath_unit|ALU_N_bits:ALU|left_shift_arithmetic:lsa ;
+----------------+-------+-------------------------------------------------------------------------------------------------------------------+
; Parameter Name ; Value ; Type                                                                                                              ;
+----------------+-------+-------------------------------------------------------------------------------------------------------------------+
; N              ; 32    ; Signed Integer                                                                                                    ;
+----------------+-------+-------------------------------------------------------------------------------------------------------------------+
Note: In order to hide this table in the UI and the text report file, please set the "Show Parameter Settings in Synthesis Report" option in "Analysis and Synthesis Settings -> More Settings" to "Off".


+---------------------------------------------------------------------------------------------------------------------------------------------+
; Parameter Settings for User Entity Instance: PROCESSOR:dut|ARM:ARMV7_unit|data_path:datapath_unit|ALU_N_bits:ALU|right_shift_arithmetic:rsa ;
+----------------+-------+--------------------------------------------------------------------------------------------------------------------+
; Parameter Name ; Value ; Type                                                                                                               ;
+----------------+-------+--------------------------------------------------------------------------------------------------------------------+
; N              ; 32    ; Signed Integer                                                                                                     ;
+----------------+-------+--------------------------------------------------------------------------------------------------------------------+
Note: In order to hide this table in the UI and the text report file, please set the "Show Parameter Settings in Synthesis Report" option in "Analysis and Synthesis Settings -> More Settings" to "Off".


+---------------------------------------------------------------------------------------------------------------------------------------+
; Parameter Settings for User Entity Instance: PROCESSOR:dut|ARM:ARMV7_unit|data_path:datapath_unit|ALU_N_bits:ALU|left_shift_logic:lsl ;
+----------------+-------+--------------------------------------------------------------------------------------------------------------+
; Parameter Name ; Value ; Type                                                                                                         ;
+----------------+-------+--------------------------------------------------------------------------------------------------------------+
; N              ; 32    ; Signed Integer                                                                                               ;
+----------------+-------+--------------------------------------------------------------------------------------------------------------+
Note: In order to hide this table in the UI and the text report file, please set the "Show Parameter Settings in Synthesis Report" option in "Analysis and Synthesis Settings -> More Settings" to "Off".


+----------------------------------------------------------------------------------------------------------------------------------------+
; Parameter Settings for User Entity Instance: PROCESSOR:dut|ARM:ARMV7_unit|data_path:datapath_unit|ALU_N_bits:ALU|right_shift_logic:rsl ;
+----------------+-------+---------------------------------------------------------------------------------------------------------------+
; Parameter Name ; Value ; Type                                                                                                          ;
+----------------+-------+---------------------------------------------------------------------------------------------------------------+
; N              ; 32    ; Signed Integer                                                                                                ;
+----------------+-------+---------------------------------------------------------------------------------------------------------------+
Note: In order to hide this table in the UI and the text report file, please set the "Show Parameter Settings in Synthesis Report" option in "Analysis and Synthesis Settings -> More Settings" to "Off".


+------------------------------------------------------------------------------------------------------------------------------+
; Parameter Settings for User Entity Instance: PROCESSOR:dut|ARM:ARMV7_unit|data_path:datapath_unit|ALU_N_bits:ALU|div_A:div_F ;
+----------------+-------+-----------------------------------------------------------------------------------------------------+
; Parameter Name ; Value ; Type                                                                                                ;
+----------------+-------+-----------------------------------------------------------------------------------------------------+
; N              ; 32    ; Signed Integer                                                                                      ;
+----------------+-------+-----------------------------------------------------------------------------------------------------+
Note: In order to hide this table in the UI and the text report file, please set the "Show Parameter Settings in Synthesis Report" option in "Analysis and Synthesis Settings -> More Settings" to "Off".


+------------------------------------------------------------------------------------------------------------------------------+
; Parameter Settings for User Entity Instance: PROCESSOR:dut|ARM:ARMV7_unit|data_path:datapath_unit|ALU_N_bits:ALU|sin_A:sin_F ;
+----------------+-------+-----------------------------------------------------------------------------------------------------+
; Parameter Name ; Value ; Type                                                                                                ;
+----------------+-------+-----------------------------------------------------------------------------------------------------+
; N              ; 32    ; Signed Integer                                                                                      ;
+----------------+-------+-----------------------------------------------------------------------------------------------------+
Note: In order to hide this table in the UI and the text report file, please set the "Show Parameter Settings in Synthesis Report" option in "Analysis and Synthesis Settings -> More Settings" to "Off".


+--------------------------------------------------------------------------------------------------------------------------------+
; Parameter Settings for User Entity Instance: PROCESSOR:dut|ARM:ARMV7_unit|data_path:datapath_unit|ALU_N_bits:ALU|mux_ALU:mux_F ;
+----------------+-------+-------------------------------------------------------------------------------------------------------+
; Parameter Name ; Value ; Type                                                                                                  ;
+----------------+-------+-------------------------------------------------------------------------------------------------------+
; N              ; 32    ; Signed Integer                                                                                        ;
+----------------+-------+-------------------------------------------------------------------------------------------------------+
Note: In order to hide this table in the UI and the text report file, please set the "Show Parameter Settings in Synthesis Report" option in "Analysis and Synthesis Settings -> More Settings" to "Off".


+--------------------------------------------------------------------------------------------------------------------------------+
; Parameter Settings for User Entity Instance: PROCESSOR:dut|ARM:ARMV7_unit|data_path:datapath_unit|ALU_N_bits:ALU|flags:flags_F ;
+----------------+-------+-------------------------------------------------------------------------------------------------------+
; Parameter Name ; Value ; Type                                                                                                  ;
+----------------+-------+-------------------------------------------------------------------------------------------------------+
; N_b            ; 32    ; Signed Integer                                                                                        ;
+----------------+-------+-------------------------------------------------------------------------------------------------------+
Note: In order to hide this table in the UI and the text report file, please set the "Show Parameter Settings in Synthesis Report" option in "Analysis and Synthesis Settings -> More Settings" to "Off".


+------------------------------------------------------------------------------------------------------------+
; Analysis & Elaboration Settings                                                                            ;
+------------------------------------------------------------------+--------------------+--------------------+
; Option                                                           ; Setting            ; Default Value      ;
+------------------------------------------------------------------+--------------------+--------------------+
; Top-level entity name                                            ; tb_PROCESSOR       ; ARMV4              ;
; Family name                                                      ; Cyclone IV GX      ; Cyclone V          ;
; Maximum processors allowed for parallel compilation              ; All                ;                    ;
; Use smart compilation                                            ; Off                ; Off                ;
; Enable parallel Assembler and Timing Analyzer during compilation ; On                 ; On                 ;
; Enable compact report table                                      ; Off                ; Off                ;
; Restructure Multiplexers                                         ; Auto               ; Auto               ;
; Create Debugging Nodes for IP Cores                              ; Off                ; Off                ;
; Preserve fewer node names                                        ; On                 ; On                 ;
; Intel FPGA IP Evaluation Mode                                    ; Enable             ; Enable             ;
; Verilog Version                                                  ; Verilog_2001       ; Verilog_2001       ;
; VHDL Version                                                     ; VHDL_1993          ; VHDL_1993          ;
; State Machine Processing                                         ; Auto               ; Auto               ;
; Safe State Machine                                               ; Off                ; Off                ;
; Extract Verilog State Machines                                   ; On                 ; On                 ;
; Extract VHDL State Machines                                      ; On                 ; On                 ;
; Ignore Verilog initial constructs                                ; Off                ; Off                ;
; Iteration limit for constant Verilog loops                       ; 5000               ; 5000               ;
; Iteration limit for non-constant Verilog loops                   ; 250                ; 250                ;
; Add Pass-Through Logic to Inferred RAMs                          ; On                 ; On                 ;
; Infer RAMs from Raw Logic                                        ; On                 ; On                 ;
; Parallel Synthesis                                               ; On                 ; On                 ;
; DSP Block Balancing                                              ; Auto               ; Auto               ;
; NOT Gate Push-Back                                               ; On                 ; On                 ;
; Power-Up Don't Care                                              ; On                 ; On                 ;
; Remove Redundant Logic Cells                                     ; Off                ; Off                ;
; Remove Duplicate Registers                                       ; On                 ; On                 ;
; Ignore CARRY Buffers                                             ; Off                ; Off                ;
; Ignore CASCADE Buffers                                           ; Off                ; Off                ;
; Ignore GLOBAL Buffers                                            ; Off                ; Off                ;
; Ignore ROW GLOBAL Buffers                                        ; Off                ; Off                ;
; Ignore LCELL Buffers                                             ; Off                ; Off                ;
; Ignore SOFT Buffers                                              ; On                 ; On                 ;
; Limit AHDL Integers to 32 Bits                                   ; Off                ; Off                ;
; Optimization Technique                                           ; Balanced           ; Balanced           ;
; Carry Chain Length                                               ; 70                 ; 70                 ;
; Auto Carry Chains                                                ; On                 ; On                 ;
; Auto Open-Drain Pins                                             ; On                 ; On                 ;
; Perform WYSIWYG Primitive Resynthesis                            ; Off                ; Off                ;
; Auto ROM Replacement                                             ; On                 ; On                 ;
; Auto RAM Replacement                                             ; On                 ; On                 ;
; Auto DSP Block Replacement                                       ; On                 ; On                 ;
; Auto Shift Register Replacement                                  ; Auto               ; Auto               ;
; Allow Shift Register Merging across Hierarchies                  ; Auto               ; Auto               ;
; Auto Clock Enable Replacement                                    ; On                 ; On                 ;
; Strict RAM Replacement                                           ; Off                ; Off                ;
; Allow Synchronous Control Signals                                ; On                 ; On                 ;
; Force Use of Synchronous Clear Signals                           ; Off                ; Off                ;
; Auto RAM Block Balancing                                         ; On                 ; On                 ;
; Auto RAM to Logic Cell Conversion                                ; Off                ; Off                ;
; Auto Resource Sharing                                            ; Off                ; Off                ;
; Allow Any RAM Size For Recognition                               ; Off                ; Off                ;
; Allow Any ROM Size For Recognition                               ; Off                ; Off                ;
; Allow Any Shift Register Size For Recognition                    ; Off                ; Off                ;
; Use LogicLock Constraints during Resource Balancing              ; On                 ; On                 ;
; Ignore translate_off and synthesis_off directives                ; Off                ; Off                ;
; Timing-Driven Synthesis                                          ; On                 ; On                 ;
; Report Parameter Settings                                        ; On                 ; On                 ;
; Report Source Assignments                                        ; On                 ; On                 ;
; Report Connectivity Checks                                       ; On                 ; On                 ;
; Ignore Maximum Fan-Out Assignments                               ; Off                ; Off                ;
; Synchronization Register Chain Length                            ; 2                  ; 2                  ;
; Power Optimization During Synthesis                              ; Normal compilation ; Normal compilation ;
; HDL message level                                                ; Level2             ; Level2             ;
; Suppress Register Optimization Related Messages                  ; Off                ; Off                ;
; Number of Removed Registers Reported in Synthesis Report         ; 5000               ; 5000               ;
; Number of Swept Nodes Reported in Synthesis Report               ; 5000               ; 5000               ;
; Number of Inverted Registers Reported in Synthesis Report        ; 100                ; 100                ;
; Clock MUX Protection                                             ; On                 ; On                 ;
; Auto Gated Clock Conversion                                      ; Off                ; Off                ;
; Block Design Naming                                              ; Auto               ; Auto               ;
; SDC constraint protection                                        ; Off                ; Off                ;
; Synthesis Effort                                                 ; Auto               ; Auto               ;
; Shift Register Replacement - Allow Asynchronous Clear Signal     ; On                 ; On                 ;
; Pre-Mapping Resynthesis Optimization                             ; Off                ; Off                ;
; Analysis & Synthesis Message Level                               ; Medium             ; Medium             ;
; Disable Register Merging Across Hierarchies                      ; Auto               ; Auto               ;
; Resource Aware Inference For Block RAM                           ; On                 ; On                 ;
+------------------------------------------------------------------+--------------------+--------------------+


+------------------------------------------------------------------------------------------------+
; Port Connectivity Checks: "PROCESSOR:dut|ARM:ARMV7_unit|data_path:datapath_unit|muxARM:muxRA1" ;
+------+-------+----------+----------------------------------------------------------------------+
; Port ; Type  ; Severity ; Details                                                              ;
+------+-------+----------+----------------------------------------------------------------------+
; B    ; Input ; Info     ; Stuck at VCC                                                         ;
+------+-------+----------+----------------------------------------------------------------------+


+--------------------------------------------------------------------------------------------------------+
; Port Connectivity Checks: "PROCESSOR:dut|ARM:ARMV7_unit|data_path:datapath_unit|adderARM:adderPCPLUS8" ;
+----------+-------+----------+--------------------------------------------------------------------------+
; Port     ; Type  ; Severity ; Details                                                                  ;
+----------+-------+----------+--------------------------------------------------------------------------+
; B[31..3] ; Input ; Info     ; Stuck at GND                                                             ;
; B[1..0]  ; Input ; Info     ; Stuck at GND                                                             ;
; B[2]     ; Input ; Info     ; Stuck at VCC                                                             ;
+----------+-------+----------+--------------------------------------------------------------------------+


+--------------------------------------------------------------------------------------------------------+
; Port Connectivity Checks: "PROCESSOR:dut|ARM:ARMV7_unit|data_path:datapath_unit|adderARM:adderPCPLUS4" ;
+----------+-------+----------+--------------------------------------------------------------------------+
; Port     ; Type  ; Severity ; Details                                                                  ;
+----------+-------+----------+--------------------------------------------------------------------------+
; B[31..3] ; Input ; Info     ; Stuck at GND                                                             ;
; B[1..0]  ; Input ; Info     ; Stuck at GND                                                             ;
; B[2]     ; Input ; Info     ; Stuck at VCC                                                             ;
+----------+-------+----------+--------------------------------------------------------------------------+


+-----------------------------------------------------------------------------------------------------------------------------------------------+
; Port Connectivity Checks: "PROCESSOR:dut|ARM:ARMV7_unit|control_unit:control_unit_unit|conditional_logic:conditional_logic_unit|REG_EN:reg_2" ;
+------+--------+----------+--------------------------------------------------------------------------------------------------------------------+
; Port ; Type   ; Severity ; Details                                                                                                            ;
+------+--------+----------+--------------------------------------------------------------------------------------------------------------------+
; out  ; Output ; Info     ; Connected to dangling logic. Logic that only feeds a dangling port will be removed.                                ;
+------+--------+----------+--------------------------------------------------------------------------------------------------------------------+


+-----------------------------------------------------------------------------------------------------------------------------------------------+
; Port Connectivity Checks: "PROCESSOR:dut|ARM:ARMV7_unit|control_unit:control_unit_unit|conditional_logic:conditional_logic_unit|REG_EN:reg_1" ;
+------+--------+----------+--------------------------------------------------------------------------------------------------------------------+
; Port ; Type   ; Severity ; Details                                                                                                            ;
+------+--------+----------+--------------------------------------------------------------------------------------------------------------------+
; out  ; Output ; Info     ; Connected to dangling logic. Logic that only feeds a dangling port will be removed.                                ;
+------+--------+----------+--------------------------------------------------------------------------------------------------------------------+


+---------------------------------------------------------------------------------------------------------------------+
; Port Connectivity Checks: "PROCESSOR:dut"                                                                           ;
+-----------+--------+----------+-------------------------------------------------------------------------------------+
; Port      ; Type   ; Severity ; Details                                                                             ;
+-----------+--------+----------+-------------------------------------------------------------------------------------+
; clk       ; Input  ; Info     ; Stuck at GND                                                                        ;
; WriteData ; Output ; Info     ; Connected to dangling logic. Logic that only feeds a dangling port will be removed. ;
; DataAdr   ; Output ; Info     ; Connected to dangling logic. Logic that only feeds a dangling port will be removed. ;
; MemWrite  ; Output ; Info     ; Connected to dangling logic. Logic that only feeds a dangling port will be removed. ;
+-----------+--------+----------+-------------------------------------------------------------------------------------+


+---------------------------------+
; Analysis & Elaboration Messages ;
+---------------------------------+
Info: *******************************************************************
Info: Running Quartus Prime Analysis & Elaboration
    Info: Version 18.1.0 Build 625 09/12/2018 SJ Lite Edition
    Info: Processing started: Mon Apr 22 21:54:09 2019
Info: Command: quartus_map --read_settings_files=on --write_settings_files=off ARMV4 -c ARMV4 --analysis_and_elaboration
Info (20030): Parallel compilation is enabled and will use 8 of the 8 processors detected
Info (12021): Found 1 design units, including 1 entities, in source file alu/xor_a.sv
    Info (12023): Found entity 1: xor_A File: B:/(D)/Documentos/GitHub/2D-Graphics-Processor/ARM Processor/ALU/xor_A.sv Line: 1
Info (12021): Found 1 design units, including 1 entities, in source file alu/tb_alu.sv
    Info (12023): Found entity 1: tb_ALU File: B:/(D)/Documentos/GitHub/2D-Graphics-Processor/ARM Processor/ALU/tb_ALU.sv Line: 1
Info (12021): Found 1 design units, including 1 entities, in source file alu/sumador.sv
    Info (12023): Found entity 1: sumador File: B:/(D)/Documentos/GitHub/2D-Graphics-Processor/ARM Processor/ALU/sumador.sv Line: 1
Info (12021): Found 1 design units, including 1 entities, in source file alu/simpleadder.sv
    Info (12023): Found entity 1: simpleAdder File: B:/(D)/Documentos/GitHub/2D-Graphics-Processor/ARM Processor/ALU/simpleAdder.sv Line: 1
Info (12021): Found 1 design units, including 1 entities, in source file alu/right_shift_logic.sv
    Info (12023): Found entity 1: right_shift_logic File: B:/(D)/Documentos/GitHub/2D-Graphics-Processor/ARM Processor/ALU/right_shift_logic.sv Line: 1
Info (12021): Found 1 design units, including 1 entities, in source file alu/right_shift_arithmetic.sv
    Info (12023): Found entity 1: right_shift_arithmetic File: B:/(D)/Documentos/GitHub/2D-Graphics-Processor/ARM Processor/ALU/right_shift_arithmetic.sv Line: 1
Info (12021): Found 1 design units, including 1 entities, in source file alu/or_a.sv
    Info (12023): Found entity 1: or_A File: B:/(D)/Documentos/GitHub/2D-Graphics-Processor/ARM Processor/ALU/or_A.sv Line: 1
Info (12021): Found 1 design units, including 1 entities, in source file alu/not_a.sv
    Info (12023): Found entity 1: not_A File: B:/(D)/Documentos/GitHub/2D-Graphics-Processor/ARM Processor/ALU/not_A.sv Line: 1
Info (12021): Found 1 design units, including 1 entities, in source file alu/mux_sumador.sv
    Info (12023): Found entity 1: mux_Sumador File: B:/(D)/Documentos/GitHub/2D-Graphics-Processor/ARM Processor/ALU/mux_Sumador.sv Line: 1
Info (12021): Found 1 design units, including 1 entities, in source file alu/mux_alu.sv
    Info (12023): Found entity 1: mux_ALU File: B:/(D)/Documentos/GitHub/2D-Graphics-Processor/ARM Processor/ALU/mux_ALU.sv Line: 1
Info (12021): Found 1 design units, including 1 entities, in source file alu/left_shift_logic.sv
    Info (12023): Found entity 1: left_shift_logic File: B:/(D)/Documentos/GitHub/2D-Graphics-Processor/ARM Processor/ALU/left_shift_logic.sv Line: 1
Info (12021): Found 1 design units, including 1 entities, in source file alu/left_shift_arithmetic.sv
    Info (12023): Found entity 1: left_shift_arithmetic File: B:/(D)/Documentos/GitHub/2D-Graphics-Processor/ARM Processor/ALU/left_shift_arithmetic.sv Line: 1
Info (12021): Found 1 design units, including 1 entities, in source file alu/flags.sv
    Info (12023): Found entity 1: flags File: B:/(D)/Documentos/GitHub/2D-Graphics-Processor/ARM Processor/ALU/flags.sv Line: 1
Info (12021): Found 1 design units, including 1 entities, in source file alu/and_a.sv
    Info (12023): Found entity 1: and_A File: B:/(D)/Documentos/GitHub/2D-Graphics-Processor/ARM Processor/ALU/and_A.sv Line: 1
Info (12021): Found 1 design units, including 1 entities, in source file alu/alu_n_bits.sv
    Info (12023): Found entity 1: ALU_N_bits File: B:/(D)/Documentos/GitHub/2D-Graphics-Processor/ARM Processor/ALU/ALU_N_bits.sv Line: 1
Info (12021): Found 1 design units, including 1 entities, in source file tb_register_file.sv
    Info (12023): Found entity 1: tb_register_file File: B:/(D)/Documentos/GitHub/2D-Graphics-Processor/ARM Processor/tb_register_file.sv Line: 1
Info (12021): Found 1 design units, including 1 entities, in source file tb_instruction_memory.sv
    Info (12023): Found entity 1: tb_instruction_memory File: B:/(D)/Documentos/GitHub/2D-Graphics-Processor/ARM Processor/tb_instruction_memory.sv Line: 1
Info (12021): Found 1 design units, including 1 entities, in source file muxarm.sv
    Info (12023): Found entity 1: muxARM File: B:/(D)/Documentos/GitHub/2D-Graphics-Processor/ARM Processor/muxARM.sv Line: 1
Info (12021): Found 1 design units, including 1 entities, in source file tb_muxarm.sv
    Info (12023): Found entity 1: tb_muxARM File: B:/(D)/Documentos/GitHub/2D-Graphics-Processor/ARM Processor/tb_muxARM.sv Line: 1
Info (12021): Found 1 design units, including 1 entities, in source file adderarm.sv
    Info (12023): Found entity 1: adderARM File: B:/(D)/Documentos/GitHub/2D-Graphics-Processor/ARM Processor/adderARM.sv Line: 1
Info (12021): Found 1 design units, including 1 entities, in source file tb_adderarm.sv
    Info (12023): Found entity 1: tb_adderARM File: B:/(D)/Documentos/GitHub/2D-Graphics-Processor/ARM Processor/tb_adderARM.sv Line: 1
Info (12021): Found 1 design units, including 1 entities, in source file pc_reg.sv
    Info (12023): Found entity 1: PC_REG File: B:/(D)/Documentos/GitHub/2D-Graphics-Processor/ARM Processor/PC_REG.sv Line: 1
Info (12021): Found 1 design units, including 1 entities, in source file tb_pc_reg.sv
    Info (12023): Found entity 1: tb_PC_REG File: B:/(D)/Documentos/GitHub/2D-Graphics-Processor/ARM Processor/tb_PC_REG.sv Line: 1
Info (12021): Found 1 design units, including 1 entities, in source file instruction_memory.sv
    Info (12023): Found entity 1: instruction_memory File: B:/(D)/Documentos/GitHub/2D-Graphics-Processor/ARM Processor/instruction_memory.sv Line: 1
Info (12021): Found 1 design units, including 1 entities, in source file data_memory.sv
    Info (12023): Found entity 1: data_memory File: B:/(D)/Documentos/GitHub/2D-Graphics-Processor/ARM Processor/data_memory.sv Line: 1
Info (12021): Found 1 design units, including 1 entities, in source file tb_data_memory.sv
    Info (12023): Found entity 1: tb_data_memory File: B:/(D)/Documentos/GitHub/2D-Graphics-Processor/ARM Processor/tb_data_memory.sv Line: 1
Info (12021): Found 1 design units, including 1 entities, in source file register_file.sv
    Info (12023): Found entity 1: register_file File: B:/(D)/Documentos/GitHub/2D-Graphics-Processor/ARM Processor/register_file.sv Line: 1
Info (12021): Found 1 design units, including 1 entities, in source file extend.sv
    Info (12023): Found entity 1: extend File: B:/(D)/Documentos/GitHub/2D-Graphics-Processor/ARM Processor/extend.sv Line: 1
Info (12021): Found 1 design units, including 1 entities, in source file tb_extend.sv
    Info (12023): Found entity 1: tb_extend File: B:/(D)/Documentos/GitHub/2D-Graphics-Processor/ARM Processor/tb_extend.sv Line: 1
Info (12021): Found 1 design units, including 1 entities, in source file data_path.sv
    Info (12023): Found entity 1: data_path File: B:/(D)/Documentos/GitHub/2D-Graphics-Processor/ARM Processor/data_path.sv Line: 1
Info (12021): Found 1 design units, including 1 entities, in source file tb_data_path.sv
    Info (12023): Found entity 1: tb_data_path File: B:/(D)/Documentos/GitHub/2D-Graphics-Processor/ARM Processor/tb_data_path.sv Line: 1
Info (12021): Found 1 design units, including 1 entities, in source file decoder.sv
    Info (12023): Found entity 1: decoder File: B:/(D)/Documentos/GitHub/2D-Graphics-Processor/ARM Processor/decoder.sv Line: 1
Info (12021): Found 1 design units, including 1 entities, in source file tb_decoder.sv
    Info (12023): Found entity 1: tb_decoder File: B:/(D)/Documentos/GitHub/2D-Graphics-Processor/ARM Processor/tb_decoder.sv Line: 1
Info (12021): Found 1 design units, including 1 entities, in source file conditions.sv
    Info (12023): Found entity 1: conditions File: B:/(D)/Documentos/GitHub/2D-Graphics-Processor/ARM Processor/conditions.sv Line: 1
Info (12021): Found 1 design units, including 1 entities, in source file reg_en.sv
    Info (12023): Found entity 1: REG_EN File: B:/(D)/Documentos/GitHub/2D-Graphics-Processor/ARM Processor/REG_EN.sv Line: 1
Info (12021): Found 1 design units, including 1 entities, in source file tb_reg_en.sv
    Info (12023): Found entity 1: tb_REG_EN File: B:/(D)/Documentos/GitHub/2D-Graphics-Processor/ARM Processor/tb_REG_EN.sv Line: 1
Info (12021): Found 1 design units, including 1 entities, in source file conditional_logic.sv
    Info (12023): Found entity 1: conditional_logic File: B:/(D)/Documentos/GitHub/2D-Graphics-Processor/ARM Processor/conditional_logic.sv Line: 1
Info (12021): Found 1 design units, including 1 entities, in source file control_unit.sv
    Info (12023): Found entity 1: control_unit File: B:/(D)/Documentos/GitHub/2D-Graphics-Processor/ARM Processor/control_unit.sv Line: 1
Info (12021): Found 1 design units, including 1 entities, in source file tb_processor.sv
    Info (12023): Found entity 1: tb_PROCESSOR File: B:/(D)/Documentos/GitHub/2D-Graphics-Processor/ARM Processor/tb_PROCESSOR.sv Line: 1
Info (12021): Found 1 design units, including 1 entities, in source file processor.sv
    Info (12023): Found entity 1: PROCESSOR File: B:/(D)/Documentos/GitHub/2D-Graphics-Processor/ARM Processor/PROCESSOR.sv Line: 1
Info (12021): Found 1 design units, including 1 entities, in source file alu/div_a.sv
    Info (12023): Found entity 1: div_A File: B:/(D)/Documentos/GitHub/2D-Graphics-Processor/ARM Processor/ALU/div_A.sv Line: 1
Info (12021): Found 1 design units, including 1 entities, in source file arm.sv
    Info (12023): Found entity 1: ARM File: B:/(D)/Documentos/GitHub/2D-Graphics-Processor/ARM Processor/ARM.sv Line: 1
Info (12021): Found 1 design units, including 1 entities, in source file tb_arm.sv
    Info (12023): Found entity 1: tb_ARM File: B:/(D)/Documentos/GitHub/2D-Graphics-Processor/ARM Processor/tb_ARM.sv Line: 1
Info (12021): Found 1 design units, including 1 entities, in source file tb_div.sv
    Info (12023): Found entity 1: tb_div File: B:/(D)/Documentos/GitHub/2D-Graphics-Processor/ARM Processor/tb_div.sv Line: 1
Info (12021): Found 1 design units, including 1 entities, in source file tb_sin.sv
    Info (12023): Found entity 1: tb_sin File: B:/(D)/Documentos/GitHub/2D-Graphics-Processor/ARM Processor/tb_sin.sv Line: 1
Info (12021): Found 1 design units, including 1 entities, in source file alu/sin_a.sv
    Info (12023): Found entity 1: sin_A File: B:/(D)/Documentos/GitHub/2D-Graphics-Processor/ARM Processor/ALU/sin_A.sv Line: 1
Info (12127): Elaborating entity "tb_PROCESSOR" for the top level hierarchy
Info (12128): Elaborating entity "PROCESSOR" for hierarchy "PROCESSOR:dut" File: B:/(D)/Documentos/GitHub/2D-Graphics-Processor/ARM Processor/tb_PROCESSOR.sv Line: 6
Info (12128): Elaborating entity "instruction_memory" for hierarchy "PROCESSOR:dut|instruction_memory:instruction_memory_unit" File: B:/(D)/Documentos/GitHub/2D-Graphics-Processor/ARM Processor/PROCESSOR.sv Line: 7
Warning (10030): Net "memory.data_a" at instruction_memory.sv(5) has no driver or initial value, using a default initial value '0' File: B:/(D)/Documentos/GitHub/2D-Graphics-Processor/ARM Processor/instruction_memory.sv Line: 5
Warning (10030): Net "memory.waddr_a" at instruction_memory.sv(5) has no driver or initial value, using a default initial value '0' File: B:/(D)/Documentos/GitHub/2D-Graphics-Processor/ARM Processor/instruction_memory.sv Line: 5
Warning (10030): Net "memory.we_a" at instruction_memory.sv(5) has no driver or initial value, using a default initial value '0' File: B:/(D)/Documentos/GitHub/2D-Graphics-Processor/ARM Processor/instruction_memory.sv Line: 5
Info (12128): Elaborating entity "ARM" for hierarchy "PROCESSOR:dut|ARM:ARMV7_unit" File: B:/(D)/Documentos/GitHub/2D-Graphics-Processor/ARM Processor/PROCESSOR.sv Line: 9
Info (12128): Elaborating entity "control_unit" for hierarchy "PROCESSOR:dut|ARM:ARMV7_unit|control_unit:control_unit_unit" File: B:/(D)/Documentos/GitHub/2D-Graphics-Processor/ARM Processor/ARM.sv Line: 10
Info (12128): Elaborating entity "decoder" for hierarchy "PROCESSOR:dut|ARM:ARMV7_unit|control_unit:control_unit_unit|decoder:decoder_unit" File: B:/(D)/Documentos/GitHub/2D-Graphics-Processor/ARM Processor/control_unit.sv Line: 15
Info (12128): Elaborating entity "conditional_logic" for hierarchy "PROCESSOR:dut|ARM:ARMV7_unit|control_unit:control_unit_unit|conditional_logic:conditional_logic_unit" File: B:/(D)/Documentos/GitHub/2D-Graphics-Processor/ARM Processor/control_unit.sv Line: 17
Info (12128): Elaborating entity "REG_EN" for hierarchy "PROCESSOR:dut|ARM:ARMV7_unit|control_unit:control_unit_unit|conditional_logic:conditional_logic_unit|REG_EN:reg_1" File: B:/(D)/Documentos/GitHub/2D-Graphics-Processor/ARM Processor/conditional_logic.sv Line: 11
Info (12128): Elaborating entity "conditions" for hierarchy "PROCESSOR:dut|ARM:ARMV7_unit|control_unit:control_unit_unit|conditional_logic:conditional_logic_unit|conditions:conditions_unit" File: B:/(D)/Documentos/GitHub/2D-Graphics-Processor/ARM Processor/conditional_logic.sv Line: 15
Info (12128): Elaborating entity "data_path" for hierarchy "PROCESSOR:dut|ARM:ARMV7_unit|data_path:datapath_unit" File: B:/(D)/Documentos/GitHub/2D-Graphics-Processor/ARM Processor/ARM.sv Line: 12
Info (12128): Elaborating entity "muxARM" for hierarchy "PROCESSOR:dut|ARM:ARMV7_unit|data_path:datapath_unit|muxARM:muxPC" File: B:/(D)/Documentos/GitHub/2D-Graphics-Processor/ARM Processor/data_path.sv Line: 26
Info (12128): Elaborating entity "PC_REG" for hierarchy "PROCESSOR:dut|ARM:ARMV7_unit|data_path:datapath_unit|PC_REG:PC_REG_unit" File: B:/(D)/Documentos/GitHub/2D-Graphics-Processor/ARM Processor/data_path.sv Line: 27
Info (12128): Elaborating entity "adderARM" for hierarchy "PROCESSOR:dut|ARM:ARMV7_unit|data_path:datapath_unit|adderARM:adderPCPLUS4" File: B:/(D)/Documentos/GitHub/2D-Graphics-Processor/ARM Processor/data_path.sv Line: 29
Info (12128): Elaborating entity "muxARM" for hierarchy "PROCESSOR:dut|ARM:ARMV7_unit|data_path:datapath_unit|muxARM:muxRA1" File: B:/(D)/Documentos/GitHub/2D-Graphics-Processor/ARM Processor/data_path.sv Line: 33
Info (12128): Elaborating entity "register_file" for hierarchy "PROCESSOR:dut|ARM:ARMV7_unit|data_path:datapath_unit|register_file:register_file_unit" File: B:/(D)/Documentos/GitHub/2D-Graphics-Processor/ARM Processor/data_path.sv Line: 44
Info (12128): Elaborating entity "extend" for hierarchy "PROCESSOR:dut|ARM:ARMV7_unit|data_path:datapath_unit|extend:extend_unit" File: B:/(D)/Documentos/GitHub/2D-Graphics-Processor/ARM Processor/data_path.sv Line: 51
Info (12128): Elaborating entity "ALU_N_bits" for hierarchy "PROCESSOR:dut|ARM:ARMV7_unit|data_path:datapath_unit|ALU_N_bits:ALU" File: B:/(D)/Documentos/GitHub/2D-Graphics-Processor/ARM Processor/data_path.sv Line: 59
Info (12128): Elaborating entity "mux_Sumador" for hierarchy "PROCESSOR:dut|ARM:ARMV7_unit|data_path:datapath_unit|ALU_N_bits:ALU|mux_Sumador:mux_S" File: B:/(D)/Documentos/GitHub/2D-Graphics-Processor/ARM Processor/ALU/ALU_N_bits.sv Line: 28
Info (12128): Elaborating entity "sumador" for hierarchy "PROCESSOR:dut|ARM:ARMV7_unit|data_path:datapath_unit|ALU_N_bits:ALU|sumador:suma_F" File: B:/(D)/Documentos/GitHub/2D-Graphics-Processor/ARM Processor/ALU/ALU_N_bits.sv Line: 29
Info (12128): Elaborating entity "and_A" for hierarchy "PROCESSOR:dut|ARM:ARMV7_unit|data_path:datapath_unit|ALU_N_bits:ALU|and_A:and_F" File: B:/(D)/Documentos/GitHub/2D-Graphics-Processor/ARM Processor/ALU/ALU_N_bits.sv Line: 30
Info (12128): Elaborating entity "or_A" for hierarchy "PROCESSOR:dut|ARM:ARMV7_unit|data_path:datapath_unit|ALU_N_bits:ALU|or_A:or_F" File: B:/(D)/Documentos/GitHub/2D-Graphics-Processor/ARM Processor/ALU/ALU_N_bits.sv Line: 31
Info (12128): Elaborating entity "xor_A" for hierarchy "PROCESSOR:dut|ARM:ARMV7_unit|data_path:datapath_unit|ALU_N_bits:ALU|xor_A:xor_F" File: B:/(D)/Documentos/GitHub/2D-Graphics-Processor/ARM Processor/ALU/ALU_N_bits.sv Line: 32
Info (12128): Elaborating entity "not_A" for hierarchy "PROCESSOR:dut|ARM:ARMV7_unit|data_path:datapath_unit|ALU_N_bits:ALU|not_A:not_F" File: B:/(D)/Documentos/GitHub/2D-Graphics-Processor/ARM Processor/ALU/ALU_N_bits.sv Line: 33
Info (12128): Elaborating entity "left_shift_arithmetic" for hierarchy "PROCESSOR:dut|ARM:ARMV7_unit|data_path:datapath_unit|ALU_N_bits:ALU|left_shift_arithmetic:lsa" File: B:/(D)/Documentos/GitHub/2D-Graphics-Processor/ARM Processor/ALU/ALU_N_bits.sv Line: 34
Info (12128): Elaborating entity "right_shift_arithmetic" for hierarchy "PROCESSOR:dut|ARM:ARMV7_unit|data_path:datapath_unit|ALU_N_bits:ALU|right_shift_arithmetic:rsa" File: B:/(D)/Documentos/GitHub/2D-Graphics-Processor/ARM Processor/ALU/ALU_N_bits.sv Line: 35
Info (12128): Elaborating entity "left_shift_logic" for hierarchy "PROCESSOR:dut|ARM:ARMV7_unit|data_path:datapath_unit|ALU_N_bits:ALU|left_shift_logic:lsl" File: B:/(D)/Documentos/GitHub/2D-Graphics-Processor/ARM Processor/ALU/ALU_N_bits.sv Line: 36
Info (12128): Elaborating entity "right_shift_logic" for hierarchy "PROCESSOR:dut|ARM:ARMV7_unit|data_path:datapath_unit|ALU_N_bits:ALU|right_shift_logic:rsl" File: B:/(D)/Documentos/GitHub/2D-Graphics-Processor/ARM Processor/ALU/ALU_N_bits.sv Line: 37
Info (12128): Elaborating entity "div_A" for hierarchy "PROCESSOR:dut|ARM:ARMV7_unit|data_path:datapath_unit|ALU_N_bits:ALU|div_A:div_F" File: B:/(D)/Documentos/GitHub/2D-Graphics-Processor/ARM Processor/ALU/ALU_N_bits.sv Line: 38
Info (12128): Elaborating entity "sin_A" for hierarchy "PROCESSOR:dut|ARM:ARMV7_unit|data_path:datapath_unit|ALU_N_bits:ALU|sin_A:sin_F" File: B:/(D)/Documentos/GitHub/2D-Graphics-Processor/ARM Processor/ALU/ALU_N_bits.sv Line: 39
Info (12128): Elaborating entity "mux_ALU" for hierarchy "PROCESSOR:dut|ARM:ARMV7_unit|data_path:datapath_unit|ALU_N_bits:ALU|mux_ALU:mux_F" File: B:/(D)/Documentos/GitHub/2D-Graphics-Processor/ARM Processor/ALU/ALU_N_bits.sv Line: 42
Info (12128): Elaborating entity "flags" for hierarchy "PROCESSOR:dut|ARM:ARMV7_unit|data_path:datapath_unit|ALU_N_bits:ALU|flags:flags_F" File: B:/(D)/Documentos/GitHub/2D-Graphics-Processor/ARM Processor/ALU/ALU_N_bits.sv Line: 45
Info (12128): Elaborating entity "data_memory" for hierarchy "PROCESSOR:dut|data_memory:data_memory_unit" File: B:/(D)/Documentos/GitHub/2D-Graphics-Processor/ARM Processor/PROCESSOR.sv Line: 11
Info (144001): Generated suppressed messages file B:/(D)/Documentos/GitHub/2D-Graphics-Processor/ARM Processor/output_files/ARMV4.map.smsg
Info: Quartus Prime Analysis & Elaboration was successful. 0 errors, 3 warnings
    Info: Peak virtual memory: 4788 megabytes
    Info: Processing ended: Mon Apr 22 21:54:23 2019
    Info: Elapsed time: 00:00:14
    Info: Total CPU time (on all processors): 00:00:33


+--------------------------------------------+
; Analysis & Elaboration Suppressed Messages ;
+--------------------------------------------+
The suppressed messages can be found in B:/(D)/Documentos/GitHub/2D-Graphics-Processor/ARM Processor/output_files/ARMV4.map.smsg.


